{"message":"Unauthorized request to path: /","level":"error"}
{"message":"Unauthorized request to path: /","level":"error"}
{"message":"Unauthorized request to path: /","level":"error"}
{"message":"Unauthorized request to path: /","level":"error"}
{"message":"Unauthorized request to path: /","level":"error"}
{"message":"Unauthorized request to path: /","level":"error"}
{"message":"Unauthorized request to path: /","level":"error"}
{"message":"Title is required","level":"error"}
{"message":"Unauthorized request to path: /bookmarks","level":"error"}
{"message":"Bookmark with id c45c2bd1-11d1-48ec-8869-2efe0d5ac340 created","level":"info"}
{"message":"Bookmark with id c45c2bd1-11d1-48ec-8869-2efe0d5ac340 not found","level":"error"}
{"message":"Bookmark with id 8sdfbvbs65sd deleted","level":"info"}
{"message":"Bookmark with id 123 not found","level":"error"}
{"message":"Bookmark with id 123 not found","level":"error"}
{"message":"Bookmark with id a1a6193e-1c65-452d-ac1d-b40665768223 created","level":"info"}
{"message":"Bookmark with id a1a6193e-1c65-452d-ac1d-b40665768223 deleted","level":"info"}
{"message":"Unauthorized request to path: /favicon.ico","level":"error"}
{"message":"Unauthorized request to path: /","level":"error"}
{"message":"Unauthorized request to path: /","level":"error"}
{"message":"Unauthorized request to path: /","level":"error"}
{"message":"Unauthorized request to path: /","level":"error"}
{"message":"Unauthorized request to path: /","level":"error"}
{"message":"Unauthorized request to path: /","level":"error"}
{"message":"Unauthorized request to path: /","level":"error"}
{"message":"Unauthorized request to path: /","level":"error"}
{"message":"Unauthorized request to path: /","level":"error"}
{"message":"Unauthorized request to path: /bookmarks","level":"error"}
{"message":"Bookmark with id 2 not found","level":"error"}
{"message":"Bookmark with id 1234 not found","level":"error"}
{"message":"Bookmark with id 123456 not found","level":"error"}
{"message":"Unauthorized request to path: /bookmarks","level":"error"}
{"message":"Unauthorized request to path: /bookmarks","level":"error"}
{"message":"Unauthorized request to path: /bookmarks/2","level":"error"}
{"message":"Unauthorized request to path: /bookmarks/1","level":"error"}
{"message":"Bookmark with id 123456 not found","level":"error"}
{"message":"Unauthorized request to path: /bookmarks","level":"error"}
{"message":"URL is required","level":"error"}
{"message":"Bookmark with id 85bd2806-cfeb-4834-8b74-7b6ebc8e53e6 created","level":"info"}
{"message":"Bookmark with id 1a1d52d1-517c-4042-ab70-596f65170913 created","level":"info"}
{"message":"Bookmark with id 5d3c194b-2299-402f-b360-cb1ec3377df9 created","level":"info"}
{"message":"Bookmark with id 241bb634-1f3a-4b7e-8d25-54ec72264998 created","level":"info"}
{"message":"Bookmark with id 419ecd89-e2e9-44b2-94c6-f978f6ccf51d created","level":"info"}
{"message":"Unauthorized request to path: /bookmarks/419ecd89-e2e9-44b2-94c6-f978f6ccf51d","level":"error"}
{"message":"Bookmark with id 49576b23-68d8-45f5-a7d1-45ee3d22d025 created","level":"info"}
{"message":"Bookmark with id 42168150-45fb-4079-89bd-34a26863590a created","level":"info"}
{"message":"Unauthorized request to path: /bookmarks/42168150-45fb-4079-89bd-34a26863590a","level":"error"}
{"message":"Bookmark with id 5cfc3897-7f2d-407c-9654-f235a4cbc823 created","level":"info"}
{"message":"Unauthorized request to path: /bookmarks/5cfc3897-7f2d-407c-9654-f235a4cbc823","level":"error"}
{"message":"Bookmark with id d0e2798c-6cc1-47d5-af84-d64a83d7c0b4 created","level":"info"}
{"message":"Bookmark with id 6f27a967-0112-4a8c-aeba-29b027083cc4 created","level":"info"}
{"message":"Bookmark with id 6c8b570c-6618-43ea-98cc-bed06f98ff72 created","level":"info"}
{"message":"Bookmark with id 12 not found","level":"error"}
{"message":"Bookmark with id 5153e3c4-069a-48ed-8922-44dbdd04cda8 created","level":"info"}
{"message":"Bookmark with id 15d70242-6b64-45ac-a7af-6384a51d6139 created","level":"info"}
{"message":"Bookmark with id 016e19a8-7772-4342-a77d-092ed6d18519 created","level":"info"}
{"message":"Bookmark with id 12 not found","level":"error"}
{"message":"Bookmark with id 78e7a20a-41b0-4262-9b40-3b6acfc1043c created","level":"info"}
{"message":"Bookmark with id 03b3aa32-e624-487d-a436-4b2220658692 created","level":"info"}
{"message":"Bookmark with id 4f8871ed-d022-4a14-8d2f-452adb9d6d28 created","level":"info"}
{"message":"Bookmark with id 0abbd1f6-8824-424b-abca-d52898589ecb created","level":"info"}
{"message":"Bookmark with id a59b0489-ab8a-42d0-bf8d-d015b057acc4 created","level":"info"}
{"message":"Bookmark with id 12 not found","level":"error"}
{"message":"Bookmark with id e1ef37bd-cb96-4cc1-a360-6735129786a9 created","level":"info"}
{"message":"URL is required","level":"error"}
{"message":"Title is required","level":"error"}
{"message":"URL is required","level":"error"}
{"message":"Rating is required","level":"error"}
{"message":"Bookmark with id undefined not found","level":"error"}
{"message":"Bookmark with id undefined not found","level":"error"}
{"message":"Bookmark with id undefined not found","level":"error"}
{"message":"Bookmark with id 1 deleted.","level":"info"}
{"message":"Bookmark with id 1 deleted.","level":"info"}
{"message":"Bookmark with id 1 deleted.","level":"info"}
{"message":"Bookmark with id 1 deleted.","level":"info"}
{"message":"Unauthorized request to path: /bookmarks","level":"error"}
{"message":"Unauthorized request to path: /bookmarks","level":"error"}
{"message":"Unauthorized request to path: /bookmarks/2","level":"error"}
{"message":"Unauthorized request to path: /bookmarks/1","level":"error"}
{"message":"Bookmark with id 123456 not found","level":"error"}
{"message":"url is required","level":"error"}
{"message":"title is required","level":"error"}
{"message":"url is required","level":"error"}
{"message":"url is required","level":"error"}
{"message":"url is required","level":"error"}
{"message":"Bookmark with id 1 deleted.","level":"info"}
{"message":"Unauthorized request to path: /bookmarks","level":"error"}
{"message":"Unauthorized request to path: /bookmarks","level":"error"}
{"message":"Unauthorized request to path: /bookmarks/2","level":"error"}
{"message":"Unauthorized request to path: /bookmarks/1","level":"error"}
{"message":"Bookmark with id 123456 not found","level":"error"}
{"message":"title is required","level":"error"}
{"message":"bookmark_url is required","level":"error"}
{"message":"rating is required","level":"error"}
{"message":"Bookmark with id 1 deleted.","level":"info"}
{"message":"Unauthorized request to path: /bookmarks","level":"error"}
{"message":"Unauthorized request to path: /bookmarks","level":"error"}
{"message":"Unauthorized request to path: /bookmarks/2","level":"error"}
{"message":"Unauthorized request to path: /bookmarks/1","level":"error"}
{"message":"Bookmark with id 123456 not found","level":"error"}
{"message":"title is required","level":"error"}
{"message":"bookmark_url is required","level":"error"}
{"message":"rating is required","level":"error"}
{"message":"Bookmark with id 1 deleted.","level":"info"}
{"message":"Bookmark with id 123 deleted.","level":"info"}
{"message":"Unauthorized request to path: /bookmarks","level":"error"}
{"message":"Unauthorized request to path: /bookmarks","level":"error"}
{"message":"Unauthorized request to path: /bookmarks/2","level":"error"}
{"message":"Unauthorized request to path: /bookmarks/1","level":"error"}
{"message":"Bookmark with id 123456 not found","level":"error"}
{"message":"title is required","level":"error"}
{"message":"bookmark_url is required","level":"error"}
{"message":"rating is required","level":"error"}
{"message":"Bookmark with id 1 deleted.","level":"info"}
{"message":"Bookmark with id 1234456 deleted.","level":"info"}
{"message":"Unauthorized request to path: /bookmarks","level":"error"}
{"message":"Unauthorized request to path: /bookmarks","level":"error"}
{"message":"Unauthorized request to path: /bookmarks/2","level":"error"}
{"message":"Unauthorized request to path: /bookmarks/1","level":"error"}
{"message":"Bookmark with id 123456 not found","level":"error"}
{"message":"title is required","level":"error"}
{"message":"bookmark_url is required","level":"error"}
{"message":"rating is required","level":"error"}
{"message":"Bookmark with id 1 deleted.","level":"info"}
{"message":"Bookmark with id 1234456 deleted.","level":"info"}
{"message":"Unauthorized request to path: /bookmarks","level":"error"}
{"message":"Unauthorized request to path: /bookmarks","level":"error"}
{"message":"Unauthorized request to path: /bookmarks/2","level":"error"}
{"message":"Unauthorized request to path: /bookmarks/1","level":"error"}
{"message":"Bookmark with id 123456 not found.","level":"error"}
{"message":"title is required","level":"error"}
{"message":"bookmark_url is required","level":"error"}
{"message":"rating is required","level":"error"}
{"message":"Bookmark with id 1 deleted.","level":"info"}
{"message":"Bookmark with id 1234456 not found.","level":"error"}
{"message":"Unauthorized request to path: /bookmarks","level":"error"}
{"message":"Unauthorized request to path: /bookmarks","level":"error"}
{"message":"Unauthorized request to path: /bookmarks/2","level":"error"}
{"message":"Unauthorized request to path: /bookmarks/1","level":"error"}
{"message":"Bookmark with id 123456 not found.","level":"error"}
{"message":"title is required","level":"error"}
{"message":"bookmark_url is required","level":"error"}
{"message":"rating is required","level":"error"}
{"message":"Bookmark with id 1 deleted.","level":"info"}
{"message":"Bookmark with id 1234456 not found.","level":"error"}
{"message":"Unauthorized request to path: /bookmarks","level":"error"}
{"message":"Unauthorized request to path: /bookmarks","level":"error"}
{"message":"Unauthorized request to path: /bookmarks/2","level":"error"}
{"message":"Unauthorized request to path: /bookmarks/1","level":"error"}
{"message":"Bookmark with id 123456 not found.","level":"error"}
{"message":"title is required","level":"error"}
{"message":"bookmark_url is required","level":"error"}
{"message":"rating is required","level":"error"}
{"message":"Bookmark with id 1 deleted.","level":"info"}
{"message":"Bookmark with id 1234456 not found.","level":"error"}
{"message":"Unauthorized request to path: /bookmarks","level":"error"}
{"message":"Unauthorized request to path: /bookmarks","level":"error"}
{"message":"Unauthorized request to path: /bookmarks/2","level":"error"}
{"message":"Unauthorized request to path: /bookmarks/1","level":"error"}
{"message":"Bookmark with id 123456 not found.","level":"error"}
{"message":"title is required","level":"error"}
{"message":"bookmark_url is required","level":"error"}
{"message":"rating is required","level":"error"}
{"message":"Bookmark with id 1 deleted.","level":"info"}
{"message":"Bookmark with id 1234456 not found.","level":"error"}
{"message":"Unauthorized request to path: /bookmarks","level":"error"}
{"message":"Unauthorized request to path: /bookmarks","level":"error"}
{"message":"Unauthorized request to path: /bookmarks/2","level":"error"}
{"message":"Unauthorized request to path: /bookmarks/1","level":"error"}
{"message":"Bookmark with id 123456 not found.","level":"error"}
{"message":"title is required","level":"error"}
{"message":"bookmark_url is required","level":"error"}
{"message":"rating is required","level":"error"}
{"message":"Bookmark with id 1 deleted.","level":"info"}
{"message":"Bookmark with id 1234456 not found.","level":"error"}
{"message":"Unauthorized request to path: /bookmarks","level":"error"}
{"message":"Unauthorized request to path: /bookmarks","level":"error"}
{"message":"Unauthorized request to path: /bookmarks/2","level":"error"}
{"message":"Unauthorized request to path: /bookmarks/1","level":"error"}
{"message":"Bookmark with id 123456 not found.","level":"error"}
{"message":"title is required","level":"error"}
{"message":"bookmark_url is required","level":"error"}
{"message":"bookmark_url is required","level":"error"}
{"message":"bookmark_url is required","level":"error"}
{"message":"rating is required","level":"error"}
{"message":"bookmark_url is required","level":"error"}
{"message":"Bookmark with id 1 deleted.","level":"info"}
{"message":"Bookmark with id 1234456 not found.","level":"error"}
{"message":"Unauthorized request to path: /bookmarks","level":"error"}
{"message":"Unauthorized request to path: /bookmarks","level":"error"}
{"message":"Unauthorized request to path: /bookmarks/2","level":"error"}
{"message":"Unauthorized request to path: /bookmarks/1","level":"error"}
{"message":"Bookmark with id 123456 not found.","level":"error"}
{"message":"title is required","level":"error"}
{"message":"Invalid rating 'invalid' supplied","level":"error"}
{"message":"bookmark_url is required","level":"error"}
{"message":"Invalid rating 'invalid' supplied","level":"error"}
{"message":"rating is required","level":"error"}
{"message":"Invalid rating 'invalid' supplied","level":"error"}
{"message":"Bookmark with id 1 deleted.","level":"info"}
{"message":"Bookmark with id 1234456 not found.","level":"error"}
{"message":"Unauthorized request to path: /bookmarks","level":"error"}
{"message":"Unauthorized request to path: /bookmarks","level":"error"}
{"message":"Unauthorized request to path: /bookmarks/2","level":"error"}
{"message":"Unauthorized request to path: /bookmarks/1","level":"error"}
{"message":"Bookmark with id 123456 not found.","level":"error"}
{"message":"title is required","level":"error"}
{"message":"Invalid rating 'invalid' supplied","level":"error"}
{"message":"bookmark_url is required","level":"error"}
{"message":"Invalid rating 'invalid' supplied","level":"error"}
{"message":"rating is required","level":"error"}
{"message":"Invalid rating 'invalid' supplied","level":"error"}
{"message":"Bookmark with id 1 deleted.","level":"info"}
{"message":"Bookmark with id 1234456 not found.","level":"error"}
{"message":"Unauthorized request to path: /api/bookmarks","level":"error"}
{"message":"Unauthorized request to path: /api/bookmarks","level":"error"}
{"message":"Unauthorized request to path: /api/bookmarks/2","level":"error"}
{"message":"Unauthorized request to path: /api/bookmarks/1","level":"error"}
{"message":"Unauthorized request to path: /api/bookmarks/123456","level":"error"}
{"message":"Unauthorized request to path: /api/bookmarks","level":"error"}
{"message":"Unauthorized request to path: /api/bookmarks","level":"error"}
{"message":"Unauthorized request to path: /api/bookmarks/2","level":"error"}
{"message":"Unauthorized request to path: /api/bookmarks/1","level":"error"}
{"message":"Unauthorized request to path: /api/bookmarks/123456","level":"error"}
{"message":"Unauthorized request to path: /api/bookmarks","level":"error"}
{"message":"Unauthorized request to path: /api/bookmarks","level":"error"}
{"message":"Unauthorized request to path: /api/bookmarks/2","level":"error"}
{"message":"Unauthorized request to path: /api/bookmarks/1","level":"error"}
{"message":"Unauthorized request to path: /api/bookmarks/123456","level":"error"}
{"message":"Bookmark with id 2 not found.","level":"error"}
{"message":"Bookmark with id 1 not found.","level":"error"}
{"message":"Bookmark with id 123456 not found.","level":"error"}
{"message":"title is required","level":"error"}
{"message":"Invalid rating 'invalid' supplied","level":"error"}
{"message":"bookmark_url is required","level":"error"}
{"message":"Invalid rating 'invalid' supplied","level":"error"}
{"message":"rating is required","level":"error"}
{"message":"Invalid rating 'invalid' supplied","level":"error"}
{"message":"Bookmark with id 1 deleted.","level":"info"}
{"message":"Bookmark with id 1234456 not found.","level":"error"}
{"message":"Bookmark with id 123456 not found.","level":"error"}
{"message":"Bookmark with id 2 not found.","level":"error"}
{"message":"Bookmark with id 1 not found.","level":"error"}
{"message":"Bookmark with id 123456 not found.","level":"error"}
{"message":"title is required","level":"error"}
{"message":"Invalid rating 'invalid' supplied","level":"error"}
{"message":"bookmark_url is required","level":"error"}
{"message":"Invalid rating 'invalid' supplied","level":"error"}
{"message":"rating is required","level":"error"}
{"message":"Invalid rating 'invalid' supplied","level":"error"}
{"message":"Bookmark with id 1 deleted.","level":"info"}
{"message":"Bookmark with id 1234456 not found.","level":"error"}
{"message":"Bookmark with id 123456 not found.","level":"error"}
{"message":"Bookmark with id 2 not found.","level":"error"}
{"message":"Bookmark with id 1 not found.","level":"error"}
{"message":"Bookmark with id 123456 not found.","level":"error"}
{"message":"title is required","level":"error"}
{"message":"Invalid rating 'invalid' supplied","level":"error"}
{"message":"bookmark_url is required","level":"error"}
{"message":"Invalid rating 'invalid' supplied","level":"error"}
{"message":"rating is required","level":"error"}
{"message":"Invalid rating 'invalid' supplied","level":"error"}
{"message":"Bookmark with id 1 deleted.","level":"info"}
{"message":"Bookmark with id 1234456 not found.","level":"error"}
{"message":"Bookmark with id 123456 not found.","level":"error"}
{"message":"Unauthorized request to path: /api/bookmarks","level":"error"}
{"message":"Unauthorized request to path: /api/bookmarks","level":"error"}
{"message":"Unauthorized request to path: /api/bookmarks/2","level":"error"}
{"message":"Unauthorized request to path: /api/bookmarks/1","level":"error"}
{"message":"Bookmark with id 123456 not found.","level":"error"}
{"message":"title is required","level":"error"}
{"message":"Invalid rating 'invalid' supplied","level":"error"}
{"message":"bookmark_url is required","level":"error"}
{"message":"Invalid rating 'invalid' supplied","level":"error"}
{"message":"rating is required","level":"error"}
{"message":"Invalid rating 'invalid' supplied","level":"error"}
{"message":"Bookmark with id 1 deleted.","level":"info"}
{"message":"Bookmark with id 1234456 not found.","level":"error"}
{"message":"Unauthorized request to path: /api/bookmarks/123456","level":"error"}
{"message":"Unauthorized request to path: /api/bookmarks","level":"error"}
{"message":"Unauthorized request to path: /api/bookmarks","level":"error"}
{"message":"Unauthorized request to path: /api/bookmarks/2","level":"error"}
{"message":"Unauthorized request to path: /api/bookmarks/1","level":"error"}
{"message":"Bookmark with id 123456 not found.","level":"error"}
{"message":"title is required","level":"error"}
{"message":"Invalid rating 'invalid' supplied","level":"error"}
{"message":"bookmark_url is required","level":"error"}
{"message":"Invalid rating 'invalid' supplied","level":"error"}
{"message":"rating is required","level":"error"}
{"message":"Invalid rating 'invalid' supplied","level":"error"}
{"message":"Bookmark with id 1 deleted.","level":"info"}
{"message":"Bookmark with id 1234456 not found.","level":"error"}
{"message":"Bookmark with id 123456 not found.","level":"error"}
{"message":"Unauthorized request to path: /api/bookmarks","level":"error"}
{"message":"Unauthorized request to path: /api/bookmarks","level":"error"}
{"message":"Unauthorized request to path: /api/bookmarks/2","level":"error"}
{"message":"Unauthorized request to path: /api/bookmarks/1","level":"error"}
{"message":"Bookmark with id 123456 not found.","level":"error"}
{"message":"title is required","level":"error"}
{"message":"Invalid rating 'invalid' supplied","level":"error"}
{"message":"bookmark_url is required","level":"error"}
{"message":"Invalid rating 'invalid' supplied","level":"error"}
{"message":"rating is required","level":"error"}
{"message":"Invalid rating 'invalid' supplied","level":"error"}
{"message":"Bookmark with id 1 deleted.","level":"info"}
{"message":"Bookmark with id 1234456 not found.","level":"error"}
{"message":"Bookmark with id 123456 not found.","level":"error"}
{"message":"Unauthorized request to path: /api/bookmarks/2","level":"error"}
{"message":"Unauthorized request to path: /api/bookmarks","level":"error"}
{"message":"Unauthorized request to path: /api/bookmarks","level":"error"}
{"message":"Unauthorized request to path: /api/bookmarks/2","level":"error"}
{"message":"Unauthorized request to path: /api/bookmarks/1","level":"error"}
{"message":"Bookmark with id 123456 not found.","level":"error"}
{"message":"title is required","level":"error"}
{"message":"Invalid rating 'invalid' supplied","level":"error"}
{"message":"bookmark_url is required","level":"error"}
{"message":"Invalid rating 'invalid' supplied","level":"error"}
{"message":"rating is required","level":"error"}
{"message":"Invalid rating 'invalid' supplied","level":"error"}
{"message":"Bookmark with id 1 deleted.","level":"info"}
{"message":"Bookmark with id 1234456 not found.","level":"error"}
{"message":"Bookmark with id 123456 not found.","level":"error"}
{"message":"Unauthorized request to path: /api/bookmarks","level":"error"}
{"message":"Unauthorized request to path: /api/bookmarks","level":"error"}
{"message":"Unauthorized request to path: /api/bookmarks/2","level":"error"}
{"message":"Unauthorized request to path: /api/bookmarks/1","level":"error"}
{"message":"Bookmark with id 123456 not found.","level":"error"}
{"message":"title is required","level":"error"}
{"message":"Invalid rating 'invalid' supplied","level":"error"}
{"message":"bookmark_url is required","level":"error"}
{"message":"Invalid rating 'invalid' supplied","level":"error"}
{"message":"rating is required","level":"error"}
{"message":"Invalid rating 'invalid' supplied","level":"error"}
{"message":"Bookmark with id 1 deleted.","level":"info"}
{"message":"Bookmark with id 1234456 not found.","level":"error"}
{"message":"Bookmark with id 123456 not found.","level":"error"}
{"message":"Unauthorized request to path: /api/bookmarks","level":"error"}
{"message":"Unauthorized request to path: /api/bookmarks","level":"error"}
{"message":"Unauthorized request to path: /api/bookmarks/2","level":"error"}
{"message":"Unauthorized request to path: /api/bookmarks/1","level":"error"}
{"message":"Bookmark with id 123456 not found.","level":"error"}
{"message":"title is required","level":"error"}
{"message":"Invalid rating 'invalid' supplied","level":"error"}
{"message":"bookmark_url is required","level":"error"}
{"message":"Invalid rating 'invalid' supplied","level":"error"}
{"message":"rating is required","level":"error"}
{"message":"Invalid rating 'invalid' supplied","level":"error"}
{"message":"Bookmark with id 1234456 not found.","level":"error"}
{"message":"Bookmark with id 123456 not found.","level":"error"}
{"message":"Unauthorized request to path: /api/bookmarks","level":"error"}
{"message":"Unauthorized request to path: /api/bookmarks","level":"error"}
{"message":"Unauthorized request to path: /api/bookmarks/2","level":"error"}
{"message":"Unauthorized request to path: /api/bookmarks/1","level":"error"}
{"message":"Bookmark with id 123456 not found.","level":"error"}
{"message":"title is required","level":"error"}
{"message":"Invalid rating 'invalid' supplied","level":"error"}
{"message":"bookmark_url is required","level":"error"}
{"message":"Invalid rating 'invalid' supplied","level":"error"}
{"message":"rating is required","level":"error"}
{"message":"Invalid rating 'invalid' supplied","level":"error"}
{"message":"Bookmark with id 1234456 not found.","level":"error"}
{"message":"Bookmark with id 123456 not found.","level":"error"}
{"message":"Unauthorized request to path: /api/bookmarks","level":"error"}
{"message":"Unauthorized request to path: /api/bookmarks","level":"error"}
{"message":"Unauthorized request to path: /api/bookmarks/2","level":"error"}
{"message":"Unauthorized request to path: /api/bookmarks/1","level":"error"}
{"message":"Bookmark with id 123456 not found.","level":"error"}
{"message":"title is required","level":"error"}
{"message":"Invalid rating 'invalid' supplied","level":"error"}
{"message":"bookmark_url is required","level":"error"}
{"message":"Invalid rating 'invalid' supplied","level":"error"}
{"message":"rating is required","level":"error"}
{"message":"Invalid rating 'invalid' supplied","level":"error"}
{"message":"Bookmark with id 1234456 not found.","level":"error"}
{"message":"Bookmark with id 123456 not found.","level":"error"}
{"message":"Unauthorized request to path: /api/bookmarks","level":"error"}
{"message":"Unauthorized request to path: /api/bookmarks","level":"error"}
{"message":"Unauthorized request to path: /api/bookmarks/2","level":"error"}
{"message":"Unauthorized request to path: /api/bookmarks/1","level":"error"}
{"message":"Bookmark with id 123456 not found.","level":"error"}
{"message":"title is required","level":"error"}
{"message":"Invalid rating 'invalid' supplied","level":"error"}
{"message":"url is required","level":"error"}
{"message":"Invalid rating 'invalid' supplied","level":"error"}
{"message":"rating is required","level":"error"}
{"message":"Invalid rating 'invalid' supplied","level":"error"}
{"message":"Bookmark with id 1 deleted.","level":"info"}
{"message":"Bookmark with id 1234456 not found.","level":"error"}
{"message":"Bookmark with id 123456 not found.","level":"error"}
{"message":"Unauthorized request to path: /api/bookmarks","level":"error"}
{"message":"Unauthorized request to path: /api/bookmarks","level":"error"}
{"message":"Unauthorized request to path: /api/bookmarks/2","level":"error"}
{"message":"Unauthorized request to path: /api/bookmarks/1","level":"error"}
{"message":"Bookmark with id 123456 not found.","level":"error"}
{"message":"title is required","level":"error"}
{"message":"Invalid rating 'invalid' supplied","level":"error"}
{"message":"url is required","level":"error"}
{"message":"Invalid rating 'invalid' supplied","level":"error"}
{"message":"rating is required","level":"error"}
{"message":"Invalid rating 'invalid' supplied","level":"error"}
{"message":"Bookmark with id 1 deleted.","level":"info"}
{"message":"Bookmark with id 1234456 not found.","level":"error"}
{"message":"Bookmark with id 123456 not found.","level":"error"}
{"message":"Unauthorized request to path: /api/bookmarks","level":"error"}
{"message":"Unauthorized request to path: /api/bookmarks","level":"error"}
{"message":"Unauthorized request to path: /api/bookmarks/2","level":"error"}
{"message":"Unauthorized request to path: /api/bookmarks/1","level":"error"}
{"message":"Bookmark with id 123456 not found.","level":"error"}
{"message":"title is required","level":"error"}
{"message":"Invalid rating 'invalid' supplied","level":"error"}
{"message":"url is required","level":"error"}
{"message":"Invalid rating 'invalid' supplied","level":"error"}
{"message":"rating is required","level":"error"}
{"message":"Invalid rating 'invalid' supplied","level":"error"}
{"message":"Bookmark with id 1 deleted.","level":"info"}
{"message":"Bookmark with id 1234456 not found.","level":"error"}
{"message":"Bookmark with id 123456 not found.","level":"error"}
{"message":"Unauthorized request to path: /api/bookmarks","level":"error"}
{"message":"Unauthorized request to path: /api/bookmarks","level":"error"}
{"message":"Unauthorized request to path: /api/bookmarks/2","level":"error"}
{"message":"Unauthorized request to path: /api/bookmarks/1","level":"error"}
{"message":"Bookmark with id 123456 not found.","level":"error"}
{"message":"title is required","level":"error"}
{"message":"Invalid rating 'invalid' supplied","level":"error"}
{"message":"url is required","level":"error"}
{"message":"Invalid rating 'invalid' supplied","level":"error"}
{"message":"rating is required","level":"error"}
{"message":"Invalid rating 'invalid' supplied","level":"error"}
{"message":"Bookmark with id 1 deleted.","level":"info"}
{"message":"Bookmark with id 1234456 not found.","level":"error"}
{"message":"Bookmark with id 123456 not found.","level":"error"}
{"message":"Unauthorized request to path: /api/bookmarks","level":"error"}
{"message":"Unauthorized request to path: /api/bookmarks","level":"error"}
{"message":"Unauthorized request to path: /api/bookmarks/2","level":"error"}
{"message":"Unauthorized request to path: /api/bookmarks/1","level":"error"}
{"message":"Bookmark with id 123456 not found.","level":"error"}
{"message":"title is required","level":"error"}
{"message":"Invalid rating 'invalid' supplied","level":"error"}
{"message":"url is required","level":"error"}
{"message":"Invalid rating 'invalid' supplied","level":"error"}
{"message":"rating is required","level":"error"}
{"message":"Invalid rating 'invalid' supplied","level":"error"}
{"message":"Bookmark with id 1 deleted.","level":"info"}
{"message":"Bookmark with id 1234456 not found.","level":"error"}
{"message":"Bookmark with id 123456 not found.","level":"error"}
{"message":"Unauthorized request to path: /api/bookmarks","level":"error"}
{"message":"Unauthorized request to path: /api/bookmarks","level":"error"}
{"message":"Unauthorized request to path: /api/bookmarks/2","level":"error"}
{"message":"Unauthorized request to path: /api/bookmarks/1","level":"error"}
{"message":"Bookmark with id 123456 not found.","level":"error"}
{"message":"title is required","level":"error"}
{"message":"Invalid rating 'invalid' supplied","level":"error"}
{"message":"url is required","level":"error"}
{"message":"Invalid rating 'invalid' supplied","level":"error"}
{"message":"rating is required","level":"error"}
{"message":"Invalid rating 'invalid' supplied","level":"error"}
{"message":"Bookmark with id 1 deleted.","level":"info"}
{"message":"Bookmark with id 1234456 not found.","level":"error"}
{"message":"Bookmark with id 123456 not found.","level":"error"}
{"message":"Unauthorized request to path: /api/bookmarks","level":"error"}
{"message":"Unauthorized request to path: /api/bookmarks","level":"error"}
{"message":"Unauthorized request to path: /api/bookmarks/2","level":"error"}
{"message":"Unauthorized request to path: /api/bookmarks/1","level":"error"}
{"message":"Bookmark with id 123456 not found.","level":"error"}
{"message":"title is required","level":"error"}
{"message":"Invalid rating 'invalid' supplied","level":"error"}
{"message":"url is required","level":"error"}
{"message":"Invalid rating 'invalid' supplied","level":"error"}
{"message":"rating is required","level":"error"}
{"message":"Invalid rating 'invalid' supplied","level":"error"}
{"message":"Bookmark with id 1 deleted.","level":"info"}
{"message":"Bookmark with id 1234456 not found.","level":"error"}
{"message":"Bookmark with id 123456 not found.","level":"error"}
{"message":"Unauthorized request to path: /api/bookmarks","level":"error"}
{"message":"Unauthorized request to path: /api/bookmarks","level":"error"}
{"message":"Unauthorized request to path: /api/bookmarks/2","level":"error"}
{"message":"Unauthorized request to path: /api/bookmarks/1","level":"error"}
{"message":"Bookmark with id 123456 not found.","level":"error"}
{"message":"title is required","level":"error"}
{"message":"Invalid rating 'invalid' supplied","level":"error"}
{"message":"url is required","level":"error"}
{"message":"Invalid rating 'invalid' supplied","level":"error"}
{"message":"rating is required","level":"error"}
{"message":"Invalid rating 'invalid' supplied","level":"error"}
{"message":"Bookmark with id 1 deleted.","level":"info"}
{"message":"Bookmark with id 1234456 not found.","level":"error"}
{"message":"Bookmark with id 123456 not found.","level":"error"}
{"message":"Unauthorized request to path: /api/bookmarks/2","level":"error"}
{"message":"Unauthorized request to path: /api/bookmarks","level":"error"}
{"message":"Unauthorized request to path: /api/bookmarks","level":"error"}
{"message":"Unauthorized request to path: /api/bookmarks/2","level":"error"}
{"message":"Unauthorized request to path: /api/bookmarks/1","level":"error"}
{"message":"Bookmark with id 123456 not found.","level":"error"}
{"message":"title is required","level":"error"}
{"message":"Invalid rating 'invalid' supplied","level":"error"}
{"message":"url is required","level":"error"}
{"message":"Invalid rating 'invalid' supplied","level":"error"}
{"message":"rating is required","level":"error"}
{"message":"Invalid rating 'invalid' supplied","level":"error"}
{"message":"Bookmark with id 1 deleted.","level":"info"}
{"message":"Bookmark with id 1234456 not found.","level":"error"}
{"message":"Bookmark with id 123456 not found.","level":"error"}
{"message":"Unauthorized request to path: /api/bookmarks/2","level":"error"}
{"message":"Unauthorized request to path: /api/bookmarks","level":"error"}
{"message":"Unauthorized request to path: /api/bookmarks","level":"error"}
{"message":"Unauthorized request to path: /api/bookmarks/2","level":"error"}
{"message":"Unauthorized request to path: /api/bookmarks/1","level":"error"}
{"message":"Bookmark with id 123456 not found.","level":"error"}
{"message":"title is required","level":"error"}
{"message":"Invalid rating 'invalid' supplied","level":"error"}
{"message":"url is required","level":"error"}
{"message":"Invalid rating 'invalid' supplied","level":"error"}
{"message":"rating is required","level":"error"}
{"message":"Invalid rating 'invalid' supplied","level":"error"}
{"message":"Bookmark with id 1 deleted.","level":"info"}
{"message":"Bookmark with id 1234456 not found.","level":"error"}
{"message":"Bookmark with id 123456 not found.","level":"error"}
